<?xml version="1.0" encoding="UTF-8"?>
<!-- Generated by org.testng.reporters.JUnitReportReporter -->
<testsuite hostname="L005370" failures="0" tests="1" name="seleniumSessions.ChromeBrowserHandling" time="19.870" errors="0" timestamp="2020-03-08T11:05:17 IST" skipped="0">
  <testcase classname="seleniumSessions.ChromeBrowserHandling" name="chromeBrowser" time="19.870"/>
</testsuite> <!-- seleniumSessions.ChromeBrowserHandling -->
