<?xml version="1.0" encoding="UTF-8"?>
<!-- Generated by org.testng.reporters.JUnitReportReporter -->
<testsuite hostname="L005370" failures="0" tests="1" name="seleniumSessions.DragAndDropFrameHandling" time="14.383" errors="0" timestamp="2020-03-09T20:00:35 IST" skipped="0">
  <testcase classname="seleniumSessions.DragAndDropFrameHandling" name="dragDropFrameHandling" time="14.383"/>
</testsuite> <!-- seleniumSessions.DragAndDropFrameHandling -->
