<?xml version="1.0" encoding="UTF-8"?>
<!-- Generated by org.testng.reporters.JUnitReportReporter -->
<testsuite hostname="L005370" failures="0" tests="2" name="testNGSession.TestNGAnnotations" time="0.025" errors="0" timestamp="2020-03-05T19:22:56 IST" skipped="0">
  <testcase classname="testNGSession.TestNGAnnotations" name="firstTest" time="0.023"/>
  <testcase classname="testNGSession.TestNGAnnotations" name="secondTest" time="0.002"/>
</testsuite> <!-- testNGSession.TestNGAnnotations -->
