<?xml version="1.0" encoding="UTF-8"?>
<!-- Generated by org.testng.reporters.JUnitReportReporter -->
<testsuite hostname="L005370" failures="0" tests="2" name="testNGSession.TestAnnotationDependsMethodAttribute" time="0.031" errors="0" timestamp="2020-03-03T19:44:05 IST" skipped="0">
  <testcase classname="testNGSession.TestAnnotationDependsMethodAttribute" name="secondTest" time="0.023"/>
  <testcase classname="testNGSession.TestAnnotationDependsMethodAttribute" name="firstTest" time="0.008"/>
</testsuite> <!-- testNGSession.TestAnnotationDependsMethodAttribute -->
