<?xml version="1.0" encoding="UTF-8"?>
<!-- Generated by org.testng.reporters.JUnitReportReporter -->
<testsuite hostname="L005370" failures="0" tests="6" name="testNGSession.TestAnnotation" time="0.039" errors="0" timestamp="2020-03-03T19:24:27 IST" skipped="0">
  <testcase classname="testNGSession.TestAnnotation" name="sixthTest" time="0.003"/>
  <testcase classname="testNGSession.TestAnnotation" name="secondTest" time="0.003"/>
  <testcase classname="testNGSession.TestAnnotation" name="fourthTest" time="0.007"/>
  <testcase classname="testNGSession.TestAnnotation" name="fifthTest" time="0.019"/>
  <testcase classname="testNGSession.TestAnnotation" name="firstTest" time="0.005"/>
  <testcase classname="testNGSession.TestAnnotation" name="thirdTest" time="0.002"/>
</testsuite> <!-- testNGSession.TestAnnotation -->
