<?xml version="1.0" encoding="UTF-8"?>
<!-- Generated by org.testng.reporters.JUnitReportReporter -->
<testsuite hostname="L005370" failures="0" tests="1" name="seleniumSessions.MouseHoverWindowHandling" time="26.117" errors="0" timestamp="2020-03-11T19:57:09 IST" skipped="0">
  <testcase classname="seleniumSessions.MouseHoverWindowHandling" name="mouseHoverWindowHandling" time="26.117"/>
</testsuite> <!-- seleniumSessions.MouseHoverWindowHandling -->
