<?xml version="1.0" encoding="UTF-8"?>
<!-- Generated by org.testng.reporters.JUnitReportReporter -->
<testsuite hostname="L005370" failures="0" tests="1" name="seleniumSessions.WebTableHandling" time="13.104" errors="0" timestamp="2020-03-11T19:37:32 IST" skipped="0">
  <testcase classname="seleniumSessions.WebTableHandling" name="webtableHandling" time="13.104"/>
</testsuite> <!-- seleniumSessions.WebTableHandling -->
