<?xml version="1.0" encoding="UTF-8"?>
<!-- Generated by org.testng.reporters.JUnitReportReporter -->
<testsuite hostname="L005370" failures="0" tests="6" name="testNGSession.TestAnnotationEnableAttribute" time="0.021" errors="0" timestamp="2020-03-03T19:36:54 IST" skipped="2">
  <testcase classname="testNGSession.TestAnnotationEnableAttribute" name="sixthTest" time="0.002"/>
  <testcase classname="testNGSession.TestAnnotationEnableAttribute" name="secondTest" time="0.003"/>
  <testcase classname="testNGSession.TestAnnotationEnableAttribute" name="firstTest" time="0.013"/>
  <testcase classname="testNGSession.TestAnnotationEnableAttribute" name="fourthTest" time="0.003"/>
  <testcase classname="testNGSession.TestAnnotationEnableAttribute" name="fifthTest">
    <skipped/>
  </testcase> <!-- fifthTest -->
  <testcase classname="testNGSession.TestAnnotationEnableAttribute" name="thirdTest">
    <skipped/>
  </testcase> <!-- thirdTest -->
</testsuite> <!-- testNGSession.TestAnnotationEnableAttribute -->
