<?xml version="1.0" encoding="UTF-8"?>
<!-- Generated by org.testng.reporters.JUnitReportReporter -->
<testsuite hostname="L005370" failures="0" tests="3" name="testNGSession.TestAnnotationInvocationCountAttribute" time="0.026" errors="0" timestamp="2020-03-03T19:38:26 IST" skipped="0">
  <testcase classname="testNGSession.TestAnnotationInvocationCountAttribute" name="firstTest" time="0.004"/>
  <testcase classname="testNGSession.TestAnnotationInvocationCountAttribute" name="firstTest" time="0.016"/>
  <testcase classname="testNGSession.TestAnnotationInvocationCountAttribute" name="firstTest" time="0.006"/>
</testsuite> <!-- testNGSession.TestAnnotationInvocationCountAttribute -->
