<?xml version="1.0" encoding="UTF-8"?>
<!-- Generated by org.testng.reporters.JUnitReportReporter -->
<testsuite hostname="L005370" failures="0" tests="1" name="seleniumSessions.ChromeHeadless" time="14.766" errors="0" timestamp="2020-03-08T11:09:37 IST" skipped="0">
  <testcase classname="seleniumSessions.ChromeHeadless" name="chromeHeadless" time="14.766"/>
</testsuite> <!-- seleniumSessions.ChromeHeadless -->
