<?xml version="1.0" encoding="UTF-8"?>
<!-- Generated by org.testng.reporters.JUnitReportReporter -->
<testsuite hostname="L005370" failures="0" tests="1" name="seleniumSessions.TakingScreenshot" time="13.512" errors="0" timestamp="2020-03-10T19:59:48 IST" skipped="0">
  <testcase classname="seleniumSessions.TakingScreenshot" name="takeingScreenshot" time="13.512"/>
</testsuite> <!-- seleniumSessions.TakingScreenshot -->
