<?xml version="1.0" encoding="UTF-8"?>
<!-- Generated by org.testng.reporters.JUnitReportReporter -->
<testsuite hostname="L005370" failures="0" tests="2" name="testNGAssertion.NormalValidation" time="0.019" errors="0" timestamp="2020-03-03T19:53:31 IST" skipped="0">
  <testcase classname="testNGAssertion.NormalValidation" name="positiveTest" time="0.002"/>
  <testcase classname="testNGAssertion.NormalValidation" name="negativeTest" time="0.017"/>
</testsuite> <!-- testNGAssertion.NormalValidation -->
