<?xml version="1.0" encoding="UTF-8"?>
<!-- Generated by org.testng.reporters.JUnitReportReporter -->
<testsuite hostname="L005370" failures="0" tests="1" name="seleniumSessions.ExcelReadWrite" time="1.251" errors="0" timestamp="2020-03-12T19:34:45 IST" skipped="0">
  <testcase classname="seleniumSessions.ExcelReadWrite" name="excelReadWrite" time="1.251"/>
</testsuite> <!-- seleniumSessions.ExcelReadWrite -->
