<?xml version="1.0" encoding="UTF-8"?>
<!-- Generated by org.testng.reporters.JUnitReportReporter -->
<testsuite hostname="L005370" failures="0" tests="1" name="seleniumSessions.MultipleSelectList" time="19.061" errors="0" timestamp="2020-03-10T19:52:49 IST" skipped="0">
  <testcase classname="seleniumSessions.MultipleSelectList" name="multipleSelectList" time="19.061"/>
</testsuite> <!-- seleniumSessions.MultipleSelectList -->
