<?xml version="1.0" encoding="UTF-8"?>
<!-- Generated by org.testng.reporters.JUnitReportReporter -->
<testsuite hostname="L005370" failures="0" tests="6" name="testNGSession.TestAnnotationPriorityAttribute" time="0.033" errors="0" timestamp="2020-03-03T19:32:16 IST" skipped="0">
  <testcase classname="testNGSession.TestAnnotationPriorityAttribute" name="firstTest" time="0.013"/>
  <testcase classname="testNGSession.TestAnnotationPriorityAttribute" name="secondTest" time="0.002"/>
  <testcase classname="testNGSession.TestAnnotationPriorityAttribute" name="thirdTest" time="0.011"/>
  <testcase classname="testNGSession.TestAnnotationPriorityAttribute" name="fourthTest" time="0.002"/>
  <testcase classname="testNGSession.TestAnnotationPriorityAttribute" name="fifthTest" time="0.002"/>
  <testcase classname="testNGSession.TestAnnotationPriorityAttribute" name="sixthTest" time="0.003"/>
</testsuite> <!-- testNGSession.TestAnnotationPriorityAttribute -->
