<?xml version="1.0" encoding="UTF-8"?>
<!-- Generated by org.testng.reporters.JUnitReportReporter -->
<testsuite hostname="L005370" failures="0" tests="1" name="seleniumSessions.SingleSelectDropdown" time="24.419" errors="0" timestamp="2020-03-10T19:33:07 IST" skipped="0">
  <testcase classname="seleniumSessions.SingleSelectDropdown" name="singleSelectDropdown" time="24.419"/>
</testsuite> <!-- seleniumSessions.SingleSelectDropdown -->
