<?xml version="1.0" encoding="UTF-8"?>
<!-- Generated by org.testng.reporters.JUnitReportReporter -->
<testsuite hostname="L005370" failures="0" tests="1" name="seleniumSessions.PopupHandling" time="15.970" errors="0" timestamp="2020-03-10T20:14:38 IST" skipped="0">
  <testcase classname="seleniumSessions.PopupHandling" name="popupHandling" time="15.970"/>
</testsuite> <!-- seleniumSessions.PopupHandling -->
